Using pre-set license
Built from '2022.3/release' branch; Version is '2022.3.48f1 (8bf49c377ebf) revision 9172124'; Using compiler version '192829333'; Build Type 'Release'
OS: 'Windows 11  (10.0.22631) 64bit CoreSingleLanguage' Language: 'en' Physical Memory: 7860 MB
BatchMode: 1, IsHumanControllingUs: 0, StartBugReporterOnCrash: 0, Is64bit: 1, IsPro: 1

COMMAND LINE ARGUMENTS:
C:\Program Files\Unity\Hub\Editor\2022.3.48f1\Editor\Unity.exe
-adb2
-batchMode
-noUpm
-name
AssetImportWorker0
-projectPath
E:/New Games/DinoMover/Dino Mover
-logFile
Logs/AssetImportWorker0.log
-srvPort
52996
Successfully changed project path to: E:/New Games/DinoMover/Dino Mover
E:/New Games/DinoMover/Dino Mover
[UnityMemory] Configuration Parameters - Can be set up in boot.config
    "memorysetup-bucket-allocator-granularity=16"
    "memorysetup-bucket-allocator-bucket-count=8"
    "memorysetup-bucket-allocator-block-size=33554432"
    "memorysetup-bucket-allocator-block-count=8"
    "memorysetup-main-allocator-block-size=16777216"
    "memorysetup-thread-allocator-block-size=16777216"
    "memorysetup-gfx-main-allocator-block-size=16777216"
    "memorysetup-gfx-thread-allocator-block-size=16777216"
    "memorysetup-cache-allocator-block-size=4194304"
    "memorysetup-typetree-allocator-block-size=2097152"
    "memorysetup-profiler-bucket-allocator-granularity=16"
    "memorysetup-profiler-bucket-allocator-bucket-count=8"
    "memorysetup-profiler-bucket-allocator-block-size=33554432"
    "memorysetup-profiler-bucket-allocator-block-count=8"
    "memorysetup-profiler-allocator-block-size=16777216"
    "memorysetup-profiler-editor-allocator-block-size=1048576"
    "memorysetup-temp-allocator-size-main=16777216"
    "memorysetup-job-temp-allocator-block-size=2097152"
    "memorysetup-job-temp-allocator-block-size-background=1048576"
    "memorysetup-job-temp-allocator-reduction-small-platforms=262144"
    "memorysetup-allocator-temp-initial-block-size-main=262144"
    "memorysetup-allocator-temp-initial-block-size-worker=262144"
    "memorysetup-temp-allocator-size-background-worker=32768"
    "memorysetup-temp-allocator-size-job-worker=262144"
    "memorysetup-temp-allocator-size-preload-manager=33554432"
    "memorysetup-temp-allocator-size-nav-mesh-worker=65536"
    "memorysetup-temp-allocator-size-audio-worker=65536"
    "memorysetup-temp-allocator-size-cloud-worker=32768"
    "memorysetup-temp-allocator-size-gi-baking-worker=262144"
    "memorysetup-temp-allocator-size-gfx=262144"
Player connection [97268]  Target information:

Player connection [97268]  * "[IP] 192.168.55.104 [Port] 0 [Flags] 2 [Guid] 795357073 [EditorId] 795357073 [Version] 1048832 [Id] WindowsEditor(7,Harika) [Debug] 1 [PackageName] WindowsEditor [ProjectName] Editor" 

Player connection [97268] Host joined multi-casting on [225.0.0.222:54997]...
Player connection [97268] Host joined alternative multi-casting on [225.0.0.222:34997]...
[PhysX] Initialized MultithreadedTaskDispatcher with 12 workers.
Refreshing native plugins compatible for Editor in 2066.46 ms, found 4 plugins.
Preloading 0 native plugins for Editor in 0.00 ms.
Initialize engine version: 2022.3.48f1 (8bf49c377ebf)
[Subsystems] Discovering subsystems at path C:/Program Files/Unity/Hub/Editor/2022.3.48f1/Editor/Data/Resources/UnitySubsystems
[Subsystems] Discovering subsystems at path E:/New Games/DinoMover/Dino Mover/Assets
GfxDevice: creating device client; threaded=0; jobified=0
Direct3D:
    Version:  Direct3D 11.0 [level 11.1]
    Renderer: Intel(R) Iris(R) Xe Graphics (ID=0x46a8)
    Vendor:   Intel
    VRAM:     3930 MB
    Driver:   31.0.101.4502
Shader 'MoreMountains/MMRipple': fallback shader 'Particle/AlphaBlended' not found
Initialize mono
Mono path[0] = 'C:/Program Files/Unity/Hub/Editor/2022.3.48f1/Editor/Data/Managed'
Mono path[1] = 'C:/Program Files/Unity/Hub/Editor/2022.3.48f1/Editor/Data/MonoBleedingEdge/lib/mono/unityjit-win32'
Mono config path = 'C:/Program Files/Unity/Hub/Editor/2022.3.48f1/Editor/Data/MonoBleedingEdge/etc'
Using monoOptions --debugger-agent=transport=dt_socket,embedding=1,server=y,suspend=n,address=127.0.0.1:56612
Begin MonoManager ReloadAssembly
Registering precompiled unity dll's ...
Register platform support module: C:/Program Files/Unity/Hub/Editor/2022.3.48f1/Editor/Data/PlaybackEngines/WebGLSupport/UnityEditor.WebGL.Extensions.dll
Register platform support module: C:/Program Files/Unity/Hub/Editor/2022.3.48f1/Editor/Data/PlaybackEngines/AndroidPlayer/UnityEditor.Android.Extensions.dll
Register platform support module: C:/Program Files/Unity/Hub/Editor/2022.3.48f1/Editor/Data/PlaybackEngines/WindowsStandaloneSupport/UnityEditor.WindowsStandalone.Extensions.dll
Registered in 0.050677 seconds.
- Loaded All Assemblies, in  1.340 seconds
Native extension for WindowsStandalone target not found
Native extension for Android target not found
Android Extension - Scanning For ADB Devices 1425 ms
Native extension for WebGL target not found
Mono: successfully reloaded assembly
- Finished resetting the current domain, in  2.412 seconds
Domain Reload Profiling: 3745ms
	BeginReloadAssembly (521ms)
		ExecutionOrderSort (0ms)
		DisableScriptedObjects (0ms)
		BackupInstance (0ms)
		ReleaseScriptingObjects (0ms)
		CreateAndSetChildDomain (5ms)
	RebuildCommonClasses (121ms)
	RebuildNativeTypeToScriptingClass (32ms)
	initialDomainReloadingComplete (258ms)
	LoadAllAssembliesAndSetupDomain (400ms)
		LoadAssemblies (512ms)
		RebuildTransferFunctionScriptingTraits (0ms)
		AnalyzeDomain (389ms)
			TypeCache.Refresh (386ms)
				TypeCache.ScanAssembly (343ms)
			ScanForSourceGeneratedMonoScriptInfo (1ms)
			ResolveRequiredComponents (1ms)
	FinalizeReload (2414ms)
		ReleaseScriptCaches (0ms)
		RebuildScriptCaches (0ms)
		SetupLoadedEditorAssemblies (2289ms)
			LogAssemblyErrors (0ms)
			InitializePlatformSupportModulesInManaged (1646ms)
			SetLoadedEditorAssemblies (12ms)
			RefreshPlugins (0ms)
			BeforeProcessingInitializeOnLoad (11ms)
			ProcessInitializeOnLoadAttributes (459ms)
			ProcessInitializeOnLoadMethodAttributes (160ms)
			AfterProcessingInitializeOnLoad (0ms)
			EditorAssembliesLoaded (0ms)
		ExecutionOrderSort2 (0ms)
		AwakeInstancesAfterBackupRestoration (0ms)
========================================================================
Worker process is ready to serve import requests
Caller must complete domain reload
Begin MonoManager ReloadAssembly
Assembly 'Assets/ExternalDependencyManager/Editor/1.2.183/Google.IOSResolver.dll' will not be loaded due to errors:
Unable to resolve reference 'UnityEditor.iOS.Extensions.Xcode'. Is the assembly missing or incompatible with the current platform?
Reference validation can be disabled in the Plugin Inspector.
- Loaded All Assemblies, in  3.113 seconds
Native extension for WindowsStandalone target not found
Native extension for Android target not found
Native extension for WebGL target not found
Package Manager log level set to [2]
[Package Manager] Server::EnsureServerProcessIsRunning -- launch failed, reason: Unity was launched with the -noUpm command-line argument
[Package Manager] UpmClient::Send -- Unable to send message (not connected to UPM process).
[Package Manager] Cannot connect to Unity Package Manager local server
Mono: successfully reloaded assembly
- Finished resetting the current domain, in  2.607 seconds
Domain Reload Profiling: 5716ms
	BeginReloadAssembly (465ms)
		ExecutionOrderSort (0ms)
		DisableScriptedObjects (11ms)
		BackupInstance (0ms)
		ReleaseScriptingObjects (0ms)
		CreateAndSetChildDomain (44ms)
	RebuildCommonClasses (66ms)
	RebuildNativeTypeToScriptingClass (24ms)
	initialDomainReloadingComplete (116ms)
	LoadAllAssembliesAndSetupDomain (2437ms)
		LoadAssemblies (1825ms)
		RebuildTransferFunctionScriptingTraits (0ms)
		AnalyzeDomain (935ms)
			TypeCache.Refresh (750ms)
				TypeCache.ScanAssembly (679ms)
			ScanForSourceGeneratedMonoScriptInfo (126ms)
			ResolveRequiredComponents (56ms)
	FinalizeReload (2608ms)
		ReleaseScriptCaches (0ms)
		RebuildScriptCaches (0ms)
		SetupLoadedEditorAssemblies (2017ms)
			LogAssemblyErrors (0ms)
			InitializePlatformSupportModulesInManaged (75ms)
			SetLoadedEditorAssemblies (11ms)
			RefreshPlugins (0ms)
			BeforeProcessingInitializeOnLoad (264ms)
			ProcessInitializeOnLoadAttributes (1488ms)
			ProcessInitializeOnLoadMethodAttributes (148ms)
			AfterProcessingInitializeOnLoad (30ms)
			EditorAssembliesLoaded (1ms)
		ExecutionOrderSort2 (0ms)
		AwakeInstancesAfterBackupRestoration (16ms)
Shader 'MoreMountains/MMRipple': fallback shader 'Particle/AlphaBlended' not found
Launched and connected shader compiler UnityShaderCompiler.exe after 0.32 seconds
Refreshing native plugins compatible for Editor in 44.72 ms, found 4 plugins.
Preloading 0 native plugins for Editor in 0.00 ms.
Unloading 6635 Unused Serialized files (Serialized files now loaded: 0)
Unloading 63 unused Assets / (0.9 MB). Loaded Objects now: 7109.
Memory consumption went from 310.7 MB to 309.8 MB.
Total: 25.328400 ms (FindLiveObjects: 0.966100 ms CreateObjectMapping: 0.661100 ms MarkObjects: 18.656100 ms  DeleteObjects: 5.042100 ms)

AssetImportParameters requested are different than current active one (requested -> active):
  custom:container-demuxer-ogg: 62fdf1f143b41e24485cea50d1cbac27 -> 
  custom:framework-win-MediaFoundation: 216162199b28c13a410421893ffa2e32 -> 
  custom:container-muxer-webm: aa71ff27fc2769a1b78a27578f13a17b -> 
  custom:video-decoder-webm-vp8: 9c59270c3fd7afecdb556c50c9e8de78 -> 
  custom:SearchIndexIgnoredProperties: e643bd26f0fe6173181afceb89e7c659 -> 
  custom:AudioImporter_EditorPlatform: d09bf68614088b80899f8185d706f6e7 -> 
  custom:audio-decoder-ogg-vorbis: bf7c407c2cedff20999df2af8eb42d56 -> 
  custom:audio-encoder-webm-vorbis: bf7c407c2cedff20999df2af8eb42d56 -> 
  custom:video-codec-MediaFoundation-h265: 746d11721c4dcdbdad8f713fa42b33f4 -> 
  custom:video-decoder-ogg-theora: a1e56fd34408186e4bbccfd4996cb3dc -> 
  custom:CustomObjectIndexerAttribute: 72b91833f83ae208fae7752999fa3104 -> 
  custom:container-demuxer-webm: 4f35f7cbe854078d1ac9338744f61a02 -> 
  custom:video-encoder-webm-vp8: eb34c28f22e8b96e1ab97ce403110664 -> 
========================================================================
Received Import Request.
  Time since last request: 772945.734486 seconds.
  path: Assets/Scenes/SampleScene.unity
  artifactKey: Guid(2cda990e2423bbf4892e6590ba056729) Importer(815301076,1909f56bfc062723c751e8b465ee728b)
Start importing Assets/Scenes/SampleScene.unity using Guid(2cda990e2423bbf4892e6590ba056729) Importer(815301076,1909f56bfc062723c751e8b465ee728b) [PhysX] Initialized MultithreadedTaskDispatcher with 12 workers.
 -> (artifact id: '3e767fe5db339650f4b8c54038eda574') in 0.055736 seconds
Number of updated asset objects reloaded before import = 0
Number of asset objects unloaded after import = 0
========================================================================
Received Import Request.
  Time since last request: 58.206820 seconds.
  path: Assets/Scenes/MainMenuScene.unity
  artifactKey: Guid(f08c1f778ca41ac4c8e2fcf84e3609ac) Importer(815301076,1909f56bfc062723c751e8b465ee728b)
Start importing Assets/Scenes/MainMenuScene.unity using Guid(f08c1f778ca41ac4c8e2fcf84e3609ac) Importer(815301076,1909f56bfc062723c751e8b465ee728b) [PhysX] Initialized MultithreadedTaskDispatcher with 12 workers.
 -> (artifact id: '097f5adcd164212cfb4da8b7eeca05cb') in 0.001548 seconds
Number of updated asset objects reloaded before import = 0
Number of asset objects unloaded after import = 0
========================================================================
Received Import Request.
  Time since last request: 105.894508 seconds.
  path: Assets/UniversalRenderPipelineGlobalSettings.asset
  artifactKey: Guid(9fb14bf9ca84f9e4c9bae0f586d52b18) Importer(815301076,1909f56bfc062723c751e8b465ee728b)
Start importing Assets/UniversalRenderPipelineGlobalSettings.asset using Guid(9fb14bf9ca84f9e4c9bae0f586d52b18) Importer(815301076,1909f56bfc062723c751e8b465ee728b) [PhysX] Initialized MultithreadedTaskDispatcher with 12 workers.
 -> (artifact id: '8bb4702165cc70cb88ef367438af24a0') in 0.251944 seconds
Number of updated asset objects reloaded before import = 0
Number of asset objects unloaded after import = 1
========================================================================
Received Import Request.
  Time since last request: 22.933018 seconds.
  path: Assets/UI Assets
  artifactKey: Guid(e5a8257a045b6d44f92dcf0a3fcea625) Importer(815301076,1909f56bfc062723c751e8b465ee728b)
Start importing Assets/UI Assets using Guid(e5a8257a045b6d44f92dcf0a3fcea625) Importer(815301076,1909f56bfc062723c751e8b465ee728b) [PhysX] Initialized MultithreadedTaskDispatcher with 12 workers.
 -> (artifact id: '180f5e34cceeed561faa07f30226ea70') in 0.001743 seconds
Number of updated asset objects reloaded before import = 0
Number of asset objects unloaded after import = 0
========================================================================
Received Import Request.
  Time since last request: 25.499925 seconds.
  path: Assets/UI Assets/Cool Text - Dino Mover 469384155509958.png
  artifactKey: Guid(fdce843a40bb8ce4f8995c76d9e5cb37) Importer(815301076,1909f56bfc062723c751e8b465ee728b)
Start importing Assets/UI Assets/Cool Text - Dino Mover 469384155509958.png using Guid(fdce843a40bb8ce4f8995c76d9e5cb37) Importer(815301076,1909f56bfc062723c751e8b465ee728b) [PhysX] Initialized MultithreadedTaskDispatcher with 12 workers.
[PhysX] Initialized MultithreadedTaskDispatcher with 12 workers.
 -> (artifact id: '785ec6d3d1f5e3c18002e22c59e5795c') in 0.568276 seconds
Number of updated asset objects reloaded before import = 0
Number of asset objects unloaded after import = 3
========================================================================
Received Prepare
Caller must complete domain reload
Begin MonoManager ReloadAssembly
Assembly 'Assets/ExternalDependencyManager/Editor/1.2.183/Google.IOSResolver.dll' will not be loaded due to errors:
Unable to resolve reference 'UnityEditor.iOS.Extensions.Xcode'. Is the assembly missing or incompatible with the current platform?
Reference validation can be disabled in the Plugin Inspector.
- Loaded All Assemblies, in 13.885 seconds
Native extension for WindowsStandalone target not found
Native extension for Android target not found
Native extension for WebGL target not found
[Package Manager] Server::EnsureServerProcessIsRunning -- launch failed, reason: Unity was launched with the -noUpm command-line argument
[Package Manager] UpmClient::Send -- Unable to send message (not connected to UPM process).
[Package Manager] Cannot connect to Unity Package Manager local server
Mono: successfully reloaded assembly
- Finished resetting the current domain, in  1.759 seconds
Domain Reload Profiling: 15657ms
	BeginReloadAssembly (9999ms)
		ExecutionOrderSort (0ms)
		DisableScriptedObjects (7716ms)
		BackupInstance (0ms)
		ReleaseScriptingObjects (5ms)
		CreateAndSetChildDomain (1527ms)
	RebuildCommonClasses (58ms)
	RebuildNativeTypeToScriptingClass (20ms)
	initialDomainReloadingComplete (104ms)
	LoadAllAssembliesAndSetupDomain (3715ms)
		LoadAssemblies (3605ms)
		RebuildTransferFunctionScriptingTraits (0ms)
		AnalyzeDomain (430ms)
			TypeCache.Refresh (174ms)
				TypeCache.ScanAssembly (6ms)
			ScanForSourceGeneratedMonoScriptInfo (145ms)
			ResolveRequiredComponents (109ms)
	FinalizeReload (1761ms)
		ReleaseScriptCaches (0ms)
		RebuildScriptCaches (0ms)
		SetupLoadedEditorAssemblies (1146ms)
			LogAssemblyErrors (0ms)
			InitializePlatformSupportModulesInManaged (84ms)
			SetLoadedEditorAssemblies (13ms)
			RefreshPlugins (0ms)
			BeforeProcessingInitializeOnLoad (187ms)
			ProcessInitializeOnLoadAttributes (690ms)
			ProcessInitializeOnLoadMethodAttributes (159ms)
			AfterProcessingInitializeOnLoad (12ms)
			EditorAssembliesLoaded (1ms)
		ExecutionOrderSort2 (0ms)
		AwakeInstancesAfterBackupRestoration (33ms)
Shader 'MoreMountains/MMRipple': fallback shader 'Particle/AlphaBlended' not found
Refreshing native plugins compatible for Editor in 28.24 ms, found 4 plugins.
Preloading 0 native plugins for Editor in 0.00 ms.
Unloading 6519 Unused Serialized files (Serialized files now loaded: 0)
Unloading 38 unused Assets / (0.9 MB). Loaded Objects now: 7133.
Memory consumption went from 287.5 MB to 286.6 MB.
Total: 10.915900 ms (FindLiveObjects: 0.986400 ms CreateObjectMapping: 0.492500 ms MarkObjects: 8.712600 ms  DeleteObjects: 0.721800 ms)

Prepare: number of updated asset objects reloaded= 0
AssetImportParameters requested are different than current active one (requested -> active):
  custom:container-demuxer-ogg: 62fdf1f143b41e24485cea50d1cbac27 -> 
  custom:framework-win-MediaFoundation: 216162199b28c13a410421893ffa2e32 -> 
  custom:container-muxer-webm: aa71ff27fc2769a1b78a27578f13a17b -> 
  custom:video-decoder-webm-vp8: 9c59270c3fd7afecdb556c50c9e8de78 -> 
  custom:SearchIndexIgnoredProperties: e643bd26f0fe6173181afceb89e7c659 -> 
  custom:AudioImporter_EditorPlatform: d09bf68614088b80899f8185d706f6e7 -> 
  custom:audio-decoder-ogg-vorbis: bf7c407c2cedff20999df2af8eb42d56 -> 
  custom:audio-encoder-webm-vorbis: bf7c407c2cedff20999df2af8eb42d56 -> 
  custom:scripting/monoscript/fileName/CreateObj.cs: 777068510ee46b723032add129055dd1 -> 
  custom:scripting/precompiled-assembly-types:Assembly-CSharp: 81283ae6672648105e6364ce83e551c4 -> 5cb1304096f42a38be459350cc305a5d
  custom:video-codec-MediaFoundation-h265: 746d11721c4dcdbdad8f713fa42b33f4 -> 
  custom:video-decoder-ogg-theora: a1e56fd34408186e4bbccfd4996cb3dc -> 
  custom:CustomObjectIndexerAttribute: 72b91833f83ae208fae7752999fa3104 -> 
  custom:container-demuxer-webm: 4f35f7cbe854078d1ac9338744f61a02 -> 
  custom:video-encoder-webm-vp8: eb34c28f22e8b96e1ab97ce403110664 -> 
========================================================================
Received Import Request.
  Time since last request: 571.693086 seconds.
  path: Assets/Saurabh_Studio/Ui button pack 6
  artifactKey: Guid(7602f442e4054c544bfee67d6d59f9df) Importer(815301076,1909f56bfc062723c751e8b465ee728b)
Start importing Assets/Saurabh_Studio/Ui button pack 6 using Guid(7602f442e4054c544bfee67d6d59f9df) Importer(815301076,1909f56bfc062723c751e8b465ee728b) [PhysX] Initialized MultithreadedTaskDispatcher with 12 workers.
 -> (artifact id: 'fb1c6077a233ef8660de567cb2304ec9') in 0.057766 seconds
Number of updated asset objects reloaded before import = 0
Number of asset objects unloaded after import = 0
========================================================================
Received Import Request.
  Time since last request: 2.246613 seconds.
  path: Assets/Saurabh_Studio/Ui button pack 6/buttons/1.png
  artifactKey: Guid(ab67529c6e488c242ba7ec078cc1475b) Importer(815301076,1909f56bfc062723c751e8b465ee728b)
Start importing Assets/Saurabh_Studio/Ui button pack 6/buttons/1.png using Guid(ab67529c6e488c242ba7ec078cc1475b) Importer(815301076,1909f56bfc062723c751e8b465ee728b) [PhysX] Initialized MultithreadedTaskDispatcher with 12 workers.
[PhysX] Initialized MultithreadedTaskDispatcher with 12 workers.
 -> (artifact id: 'a28bc098dcf329560df3c2c660369461') in 0.325557 seconds
Number of updated asset objects reloaded before import = 0
Number of asset objects unloaded after import = 3
========================================================================
Received Import Request.
  Time since last request: 0.000042 seconds.
  path: Assets/Saurabh_Studio/Ui button pack 6/buttons/3.png
  artifactKey: Guid(103b789bf31a2e843974f2c1968768a7) Importer(815301076,1909f56bfc062723c751e8b465ee728b)
Start importing Assets/Saurabh_Studio/Ui button pack 6/buttons/3.png using Guid(103b789bf31a2e843974f2c1968768a7) Importer(815301076,1909f56bfc062723c751e8b465ee728b) [PhysX] Initialized MultithreadedTaskDispatcher with 12 workers.
[PhysX] Initialized MultithreadedTaskDispatcher with 12 workers.
 -> (artifact id: '41055713465a6860aab5368200679e9a') in 0.075270 seconds
Number of updated asset objects reloaded before import = 0
Number of asset objects unloaded after import = 3
========================================================================
Received Import Request.
  Time since last request: 0.000051 seconds.
  path: Assets/Saurabh_Studio/Ui button pack 6/buttons/22.png
  artifactKey: Guid(8ad830042a731974e8029656b0d07027) Importer(815301076,1909f56bfc062723c751e8b465ee728b)
Start importing Assets/Saurabh_Studio/Ui button pack 6/buttons/22.png using Guid(8ad830042a731974e8029656b0d07027) Importer(815301076,1909f56bfc062723c751e8b465ee728b) [PhysX] Initialized MultithreadedTaskDispatcher with 12 workers.
[PhysX] Initialized MultithreadedTaskDispatcher with 12 workers.
 -> (artifact id: 'b15c036a60bb485c52930b33f1f086fd') in 0.048734 seconds
Number of updated asset objects reloaded before import = 0
Number of asset objects unloaded after import = 3
========================================================================
Received Import Request.
  Time since last request: 0.000049 seconds.
  path: Assets/Saurabh_Studio/Ui button pack 6/buttons/17.png
  artifactKey: Guid(16be3cc4004c0f241a965b687ec207cc) Importer(815301076,1909f56bfc062723c751e8b465ee728b)
Start importing Assets/Saurabh_Studio/Ui button pack 6/buttons/17.png using Guid(16be3cc4004c0f241a965b687ec207cc) Importer(815301076,1909f56bfc062723c751e8b465ee728b) [PhysX] Initialized MultithreadedTaskDispatcher with 12 workers.
[PhysX] Initialized MultithreadedTaskDispatcher with 12 workers.
 -> (artifact id: '65a938c7ffc6f9377e0de627f61f06f3') in 0.050917 seconds
Number of updated asset objects reloaded before import = 0
Number of asset objects unloaded after import = 3
========================================================================
Received Import Request.
  Time since last request: 0.000055 seconds.
  path: Assets/Saurabh_Studio/Ui button pack 6/buttons/13.png
  artifactKey: Guid(ccfa52f36767fab4caf7e3acc5e3ac69) Importer(815301076,1909f56bfc062723c751e8b465ee728b)
Start importing Assets/Saurabh_Studio/Ui button pack 6/buttons/13.png using Guid(ccfa52f36767fab4caf7e3acc5e3ac69) Importer(815301076,1909f56bfc062723c751e8b465ee728b) [PhysX] Initialized MultithreadedTaskDispatcher with 12 workers.
[PhysX] Initialized MultithreadedTaskDispatcher with 12 workers.
 -> (artifact id: '56a85331b90d1ac37974ef98dda59c74') in 0.054460 seconds
Number of updated asset objects reloaded before import = 0
Number of asset objects unloaded after import = 3
========================================================================
Received Import Request.
  Time since last request: 0.000032 seconds.
  path: Assets/Saurabh_Studio/Ui button pack 6/buttons/blue-button-round.png
  artifactKey: Guid(d4bb43d3bcf638149b33a481433ffa89) Importer(815301076,1909f56bfc062723c751e8b465ee728b)
Start importing Assets/Saurabh_Studio/Ui button pack 6/buttons/blue-button-round.png using Guid(d4bb43d3bcf638149b33a481433ffa89) Importer(815301076,1909f56bfc062723c751e8b465ee728b) [PhysX] Initialized MultithreadedTaskDispatcher with 12 workers.
[PhysX] Initialized MultithreadedTaskDispatcher with 12 workers.
 -> (artifact id: '9c498b5307225dcaf2cbe277cf185266') in 0.054137 seconds
Number of updated asset objects reloaded before import = 0
Number of asset objects unloaded after import = 3
========================================================================
Received Import Request.
  Time since last request: 0.000068 seconds.
  path: Assets/Saurabh_Studio/Ui button pack 6/buttons
  artifactKey: Guid(2f4d07b7af6e6184d9597d24e8040495) Importer(815301076,1909f56bfc062723c751e8b465ee728b)
Start importing Assets/Saurabh_Studio/Ui button pack 6/buttons using Guid(2f4d07b7af6e6184d9597d24e8040495) Importer(815301076,1909f56bfc062723c751e8b465ee728b) [PhysX] Initialized MultithreadedTaskDispatcher with 12 workers.
 -> (artifact id: '7ec530a41f357bce6415cf530839d8a2') in 0.000931 seconds
Number of updated asset objects reloaded before import = 0
Number of asset objects unloaded after import = 0
========================================================================
Received Import Request.
  Time since last request: 0.000240 seconds.
  path: Assets/Saurabh_Studio/Ui button pack 6/buttons/12.png
  artifactKey: Guid(5a9e78e81467611418ddb1159036d419) Importer(815301076,1909f56bfc062723c751e8b465ee728b)
Start importing Assets/Saurabh_Studio/Ui button pack 6/buttons/12.png using Guid(5a9e78e81467611418ddb1159036d419) Importer(815301076,1909f56bfc062723c751e8b465ee728b) [PhysX] Initialized MultithreadedTaskDispatcher with 12 workers.
[PhysX] Initialized MultithreadedTaskDispatcher with 12 workers.
 -> (artifact id: 'dc94d5b0d37f1f50d19b414ffe7d856d') in 0.047299 seconds
Number of updated asset objects reloaded before import = 0
Number of asset objects unloaded after import = 3
========================================================================
Received Import Request.
  Time since last request: 0.000049 seconds.
  path: Assets/Saurabh_Studio/Ui button pack 6/buttons/4.png
  artifactKey: Guid(5cbb7677a452486449be3253d5312117) Importer(815301076,1909f56bfc062723c751e8b465ee728b)
Start importing Assets/Saurabh_Studio/Ui button pack 6/buttons/4.png using Guid(5cbb7677a452486449be3253d5312117) Importer(815301076,1909f56bfc062723c751e8b465ee728b) [PhysX] Initialized MultithreadedTaskDispatcher with 12 workers.
[PhysX] Initialized MultithreadedTaskDispatcher with 12 workers.
 -> (artifact id: '53029dd8e20114e8532004a7ee25bd87') in 0.042866 seconds
Number of updated asset objects reloaded before import = 0
Number of asset objects unloaded after import = 3
========================================================================
Received Import Request.
  Time since last request: 0.000034 seconds.
  path: Assets/Saurabh_Studio/Ui button pack 6/buttons/6.png
  artifactKey: Guid(2e87a7a913f0cba4894604176a700f87) Importer(815301076,1909f56bfc062723c751e8b465ee728b)
Start importing Assets/Saurabh_Studio/Ui button pack 6/buttons/6.png using Guid(2e87a7a913f0cba4894604176a700f87) Importer(815301076,1909f56bfc062723c751e8b465ee728b) [PhysX] Initialized MultithreadedTaskDispatcher with 12 workers.
[PhysX] Initialized MultithreadedTaskDispatcher with 12 workers.
 -> (artifact id: 'c5c266e43ab5a527e96ef466b029af29') in 0.043791 seconds
Number of updated asset objects reloaded before import = 0
Number of asset objects unloaded after import = 3
========================================================================
Received Import Request.
  Time since last request: 0.000052 seconds.
  path: Assets/Saurabh_Studio/Ui button pack 6/buttons/green-button-round.png
  artifactKey: Guid(7224f183b0242a54291f4aa5e7d6c864) Importer(815301076,1909f56bfc062723c751e8b465ee728b)
Start importing Assets/Saurabh_Studio/Ui button pack 6/buttons/green-button-round.png using Guid(7224f183b0242a54291f4aa5e7d6c864) Importer(815301076,1909f56bfc062723c751e8b465ee728b) [PhysX] Initialized MultithreadedTaskDispatcher with 12 workers.
[PhysX] Initialized MultithreadedTaskDispatcher with 12 workers.
 -> (artifact id: 'b439e029d0ebb3439bacce56b0d3c574') in 0.047214 seconds
Number of updated asset objects reloaded before import = 0
Number of asset objects unloaded after import = 3
========================================================================
Received Import Request.
  Time since last request: 0.000044 seconds.
  path: Assets/Saurabh_Studio/Ui button pack 6/buttons/26.png
  artifactKey: Guid(1f7357f661783d24981c268d52654ad7) Importer(815301076,1909f56bfc062723c751e8b465ee728b)
Start importing Assets/Saurabh_Studio/Ui button pack 6/buttons/26.png using Guid(1f7357f661783d24981c268d52654ad7) Importer(815301076,1909f56bfc062723c751e8b465ee728b) [PhysX] Initialized MultithreadedTaskDispatcher with 12 workers.
[PhysX] Initialized MultithreadedTaskDispatcher with 12 workers.
 -> (artifact id: '70be0518752d4720e49433531fca26a9') in 0.047302 seconds
Number of updated asset objects reloaded before import = 0
Number of asset objects unloaded after import = 3
========================================================================
Received Import Request.
  Time since last request: 0.000067 seconds.
  path: Assets/Saurabh_Studio/Ui button pack 6/buttons/11.png
  artifactKey: Guid(08539fb12005ab84182fee18c660f175) Importer(815301076,1909f56bfc062723c751e8b465ee728b)
Start importing Assets/Saurabh_Studio/Ui button pack 6/buttons/11.png using Guid(08539fb12005ab84182fee18c660f175) Importer(815301076,1909f56bfc062723c751e8b465ee728b) [PhysX] Initialized MultithreadedTaskDispatcher with 12 workers.
[PhysX] Initialized MultithreadedTaskDispatcher with 12 workers.
 -> (artifact id: '8b586709d457701184b422e684e67a62') in 0.071852 seconds
Number of updated asset objects reloaded before import = 0
Number of asset objects unloaded after import = 3
========================================================================
Received Import Request.
  Time since last request: 0.000103 seconds.
  path: Assets/Saurabh_Studio/Ui button pack 6/buttons/10.png
  artifactKey: Guid(c626362ae451e544c8a1c64f37dee89e) Importer(815301076,1909f56bfc062723c751e8b465ee728b)
Start importing Assets/Saurabh_Studio/Ui button pack 6/buttons/10.png using Guid(c626362ae451e544c8a1c64f37dee89e) Importer(815301076,1909f56bfc062723c751e8b465ee728b) [PhysX] Initialized MultithreadedTaskDispatcher with 12 workers.
[PhysX] Initialized MultithreadedTaskDispatcher with 12 workers.
 -> (artifact id: 'd77921162ab4c359e59faae96b7dbfe5') in 0.078058 seconds
Number of updated asset objects reloaded before import = 0
Number of asset objects unloaded after import = 3
========================================================================
Received Import Request.
  Time since last request: 0.000346 seconds.
  path: Assets/Saurabh_Studio/Ui button pack 6/buttons/7.png
  artifactKey: Guid(d19e01e32d95d11468a2fcfa71a44c93) Importer(815301076,1909f56bfc062723c751e8b465ee728b)
Start importing Assets/Saurabh_Studio/Ui button pack 6/buttons/7.png using Guid(d19e01e32d95d11468a2fcfa71a44c93) Importer(815301076,1909f56bfc062723c751e8b465ee728b) [PhysX] Initialized MultithreadedTaskDispatcher with 12 workers.
[PhysX] Initialized MultithreadedTaskDispatcher with 12 workers.
 -> (artifact id: '153f6461ebdfd13c46b878efa82c58c5') in 0.085681 seconds
Number of updated asset objects reloaded before import = 0
Number of asset objects unloaded after import = 3
========================================================================
Received Import Request.
  Time since last request: 5.914905 seconds.
  path: Assets/Saurabh_Studio/Ui button pack 6/buttons/grey-button-round.png
  artifactKey: Guid(90dfdf029f1b6b944948f78ba80c22ff) Importer(815301076,1909f56bfc062723c751e8b465ee728b)
Start importing Assets/Saurabh_Studio/Ui button pack 6/buttons/grey-button-round.png using Guid(90dfdf029f1b6b944948f78ba80c22ff) Importer(815301076,1909f56bfc062723c751e8b465ee728b) [PhysX] Initialized MultithreadedTaskDispatcher with 12 workers.
[PhysX] Initialized MultithreadedTaskDispatcher with 12 workers.
 -> (artifact id: '7d0fe7ad0b5e4d321806a5be56cc733a') in 0.049011 seconds
Number of updated asset objects reloaded before import = 0
Number of asset objects unloaded after import = 3
========================================================================
Received Import Request.
  Time since last request: 0.000048 seconds.
  path: Assets/Saurabh_Studio/Ui button pack 6/buttons/rectangle-blue.png
  artifactKey: Guid(faf9ce067f429e94d8d287f86e68f0db) Importer(815301076,1909f56bfc062723c751e8b465ee728b)
Start importing Assets/Saurabh_Studio/Ui button pack 6/buttons/rectangle-blue.png using Guid(faf9ce067f429e94d8d287f86e68f0db) Importer(815301076,1909f56bfc062723c751e8b465ee728b) [PhysX] Initialized MultithreadedTaskDispatcher with 12 workers.
[PhysX] Initialized MultithreadedTaskDispatcher with 12 workers.
 -> (artifact id: '8ad6ad07666ec706b8b2d3f430eb3a58') in 0.053631 seconds
Number of updated asset objects reloaded before import = 0
Number of asset objects unloaded after import = 3
========================================================================
Received Import Request.
  Time since last request: 0.000236 seconds.
  path: Assets/Saurabh_Studio/Ui button pack 6/buttons/rec-red.png
  artifactKey: Guid(dd0761b39b7aa3845bb99cd61be42097) Importer(815301076,1909f56bfc062723c751e8b465ee728b)
Start importing Assets/Saurabh_Studio/Ui button pack 6/buttons/rec-red.png using Guid(dd0761b39b7aa3845bb99cd61be42097) Importer(815301076,1909f56bfc062723c751e8b465ee728b) [PhysX] Initialized MultithreadedTaskDispatcher with 12 workers.
[PhysX] Initialized MultithreadedTaskDispatcher with 12 workers.
 -> (artifact id: 'dff4066e0441b90b3c992d6e48207054') in 0.044646 seconds
Number of updated asset objects reloaded before import = 0
Number of asset objects unloaded after import = 3
========================================================================
Received Import Request.
  Time since last request: 0.000073 seconds.
  path: Assets/Saurabh_Studio/Ui button pack 6/buttons/rectangle-green.png
  artifactKey: Guid(22e07300b7eab38479fde34570221850) Importer(815301076,1909f56bfc062723c751e8b465ee728b)
Start importing Assets/Saurabh_Studio/Ui button pack 6/buttons/rectangle-green.png using Guid(22e07300b7eab38479fde34570221850) Importer(815301076,1909f56bfc062723c751e8b465ee728b) [PhysX] Initialized MultithreadedTaskDispatcher with 12 workers.
[PhysX] Initialized MultithreadedTaskDispatcher with 12 workers.
 -> (artifact id: 'c27efcb2e8c7b9e9b33edd714c84782b') in 0.051100 seconds
Number of updated asset objects reloaded before import = 0
Number of asset objects unloaded after import = 3
========================================================================
Received Import Request.
  Time since last request: 0.000058 seconds.
  path: Assets/Saurabh_Studio/Ui button pack 6/buttons/rec-yellow.png
  artifactKey: Guid(c81541554bd616a42913b2eb6c429fcd) Importer(815301076,1909f56bfc062723c751e8b465ee728b)
Start importing Assets/Saurabh_Studio/Ui button pack 6/buttons/rec-yellow.png using Guid(c81541554bd616a42913b2eb6c429fcd) Importer(815301076,1909f56bfc062723c751e8b465ee728b) [PhysX] Initialized MultithreadedTaskDispatcher with 12 workers.
[PhysX] Initialized MultithreadedTaskDispatcher with 12 workers.
 -> (artifact id: '6b9ed6faf0fbb0f2059de735bc20e9bf') in 0.045143 seconds
Number of updated asset objects reloaded before import = 0
Number of asset objects unloaded after import = 3
========================================================================
Received Import Request.
  Time since last request: 0.357111 seconds.
  path: Assets/Saurabh_Studio/Ui button pack 6/buttons/rectangle-red.png
  artifactKey: Guid(85c5bf37d00f704459b3c8b99f7909bd) Importer(815301076,1909f56bfc062723c751e8b465ee728b)
Start importing Assets/Saurabh_Studio/Ui button pack 6/buttons/rectangle-red.png using Guid(85c5bf37d00f704459b3c8b99f7909bd) Importer(815301076,1909f56bfc062723c751e8b465ee728b) [PhysX] Initialized MultithreadedTaskDispatcher with 12 workers.
[PhysX] Initialized MultithreadedTaskDispatcher with 12 workers.
 -> (artifact id: '27b2a82007c40b6c045a5b98e57d389c') in 0.048158 seconds
Number of updated asset objects reloaded before import = 0
Number of asset objects unloaded after import = 3
========================================================================
Received Import Request.
  Time since last request: 0.000050 seconds.
  path: Assets/Saurabh_Studio/Ui button pack 6/buttons/yellow-button-round.png
  artifactKey: Guid(7c30f008346ca864489cd65f7aa68686) Importer(815301076,1909f56bfc062723c751e8b465ee728b)
Start importing Assets/Saurabh_Studio/Ui button pack 6/buttons/yellow-button-round.png using Guid(7c30f008346ca864489cd65f7aa68686) Importer(815301076,1909f56bfc062723c751e8b465ee728b) [PhysX] Initialized MultithreadedTaskDispatcher with 12 workers.
[PhysX] Initialized MultithreadedTaskDispatcher with 12 workers.
 -> (artifact id: '69a1ba1297ef61880e7565ad378dd759') in 0.046584 seconds
Number of updated asset objects reloaded before import = 0
Number of asset objects unloaded after import = 3
========================================================================
Received Import Request.
  Time since last request: 0.000061 seconds.
  path: Assets/Saurabh_Studio/Ui button pack 6/buttons/red-button-round.png
  artifactKey: Guid(c8fc6a4a3d161a440b1f05ed19ecae03) Importer(815301076,1909f56bfc062723c751e8b465ee728b)
Start importing Assets/Saurabh_Studio/Ui button pack 6/buttons/red-button-round.png using Guid(c8fc6a4a3d161a440b1f05ed19ecae03) Importer(815301076,1909f56bfc062723c751e8b465ee728b) [PhysX] Initialized MultithreadedTaskDispatcher with 12 workers.
[PhysX] Initialized MultithreadedTaskDispatcher with 12 workers.
 -> (artifact id: '7ca3327114a2d4e8e089ad90e8a7bca3') in 0.049816 seconds
Number of updated asset objects reloaded before import = 0
Number of asset objects unloaded after import = 3
========================================================================
Received Import Request.
  Time since last request: 89.709893 seconds.
  path: Assets/Feel/NiceVibrations/Demos/DemoAssets/RegularPresetsDemo/Sprites/RegularPresetsIcons.png
  artifactKey: Guid(fe42c8b526e77e54ab91d0590272d9e8) Importer(815301076,1909f56bfc062723c751e8b465ee728b)
Start importing Assets/Feel/NiceVibrations/Demos/DemoAssets/RegularPresetsDemo/Sprites/RegularPresetsIcons.png using Guid(fe42c8b526e77e54ab91d0590272d9e8) Importer(815301076,1909f56bfc062723c751e8b465ee728b) [PhysX] Initialized MultithreadedTaskDispatcher with 12 workers.
[PhysX] Initialized MultithreadedTaskDispatcher with 12 workers.
 -> (artifact id: 'f118c0352a7435f0c434a3f6431661aa') in 0.191621 seconds
Number of updated asset objects reloaded before import = 0
Number of asset objects unloaded after import = 12
========================================================================
Received Import Request.
  Time since last request: 0.000036 seconds.
  path: Assets/Animated 2D Coins/Sprite Sheet/USD_6x4.png
  artifactKey: Guid(7ead8ba5dc6d79f4da1cc2f449bde712) Importer(815301076,1909f56bfc062723c751e8b465ee728b)
Start importing Assets/Animated 2D Coins/Sprite Sheet/USD_6x4.png using Guid(7ead8ba5dc6d79f4da1cc2f449bde712) Importer(815301076,1909f56bfc062723c751e8b465ee728b) [PhysX] Initialized MultithreadedTaskDispatcher with 12 workers.
[PhysX] Initialized MultithreadedTaskDispatcher with 12 workers.
 -> (artifact id: '44d807d45fe1b107e44245f3ea36d8b9') in 0.251972 seconds
Number of updated asset objects reloaded before import = 0
Number of asset objects unloaded after import = 26
========================================================================
Received Import Request.
  Time since last request: 795.233150 seconds.
  path: Assets/Saurabh_Studio/Ui button pack 6/gold/ACHIV.png
  artifactKey: Guid(033e81b45480f4c4d823ec5746ef2781) Importer(815301076,1909f56bfc062723c751e8b465ee728b)
Start importing Assets/Saurabh_Studio/Ui button pack 6/gold/ACHIV.png using Guid(033e81b45480f4c4d823ec5746ef2781) Importer(815301076,1909f56bfc062723c751e8b465ee728b) [PhysX] Initialized MultithreadedTaskDispatcher with 12 workers.
[PhysX] Initialized MultithreadedTaskDispatcher with 12 workers.
 -> (artifact id: '60443a116ce3766c233a88c10df2f809') in 0.745325 seconds
Number of updated asset objects reloaded before import = 0
Number of asset objects unloaded after import = 3
========================================================================
Received Import Request.
  Time since last request: 0.000222 seconds.
  path: Assets/Saurabh_Studio/Ui button pack 6/gold/down.png
  artifactKey: Guid(c52273cb37e4100459591496687a5c4f) Importer(815301076,1909f56bfc062723c751e8b465ee728b)
Start importing Assets/Saurabh_Studio/Ui button pack 6/gold/down.png using Guid(c52273cb37e4100459591496687a5c4f) Importer(815301076,1909f56bfc062723c751e8b465ee728b) [PhysX] Initialized MultithreadedTaskDispatcher with 12 workers.
[PhysX] Initialized MultithreadedTaskDispatcher with 12 workers.
 -> (artifact id: '7fc718aa1d3653ddc623ca3107b4e606') in 0.087709 seconds
Number of updated asset objects reloaded before import = 0
Number of asset objects unloaded after import = 3
========================================================================
Received Import Request.
  Time since last request: 0.000058 seconds.
  path: Assets/Saurabh_Studio/Ui button pack 6/gold/BACK-1.png
  artifactKey: Guid(9812ea34887211441a5aa166db6dc9a5) Importer(815301076,1909f56bfc062723c751e8b465ee728b)
Start importing Assets/Saurabh_Studio/Ui button pack 6/gold/BACK-1.png using Guid(9812ea34887211441a5aa166db6dc9a5) Importer(815301076,1909f56bfc062723c751e8b465ee728b) [PhysX] Initialized MultithreadedTaskDispatcher with 12 workers.
[PhysX] Initialized MultithreadedTaskDispatcher with 12 workers.
 -> (artifact id: '71db0151594f5fd21ffb3ff9691c654c') in 0.069503 seconds
Number of updated asset objects reloaded before import = 0
Number of asset objects unloaded after import = 3
========================================================================
Received Import Request.
  Time since last request: 0.000043 seconds.
  path: Assets/Saurabh_Studio/Ui button pack 6/gold/MAIL.png
  artifactKey: Guid(8ea3286de4034d248abd95426e76e82d) Importer(815301076,1909f56bfc062723c751e8b465ee728b)
Start importing Assets/Saurabh_Studio/Ui button pack 6/gold/MAIL.png using Guid(8ea3286de4034d248abd95426e76e82d) Importer(815301076,1909f56bfc062723c751e8b465ee728b) [PhysX] Initialized MultithreadedTaskDispatcher with 12 workers.
[PhysX] Initialized MultithreadedTaskDispatcher with 12 workers.
 -> (artifact id: '51eb224c309e8fb75f26296f15f79a89') in 0.075269 seconds
Number of updated asset objects reloaded before import = 0
Number of asset objects unloaded after import = 3
========================================================================
Received Import Request.
  Time since last request: 0.000044 seconds.
  path: Assets/Saurabh_Studio/Ui button pack 6/gold/CHAT.png
  artifactKey: Guid(d8241c041f0ac044081ff541e54ad32d) Importer(815301076,1909f56bfc062723c751e8b465ee728b)
Start importing Assets/Saurabh_Studio/Ui button pack 6/gold/CHAT.png using Guid(d8241c041f0ac044081ff541e54ad32d) Importer(815301076,1909f56bfc062723c751e8b465ee728b) [PhysX] Initialized MultithreadedTaskDispatcher with 12 workers.
[PhysX] Initialized MultithreadedTaskDispatcher with 12 workers.
 -> (artifact id: '7542bacc1cde483fbfb83450d117a105') in 0.095210 seconds
Number of updated asset objects reloaded before import = 0
Number of asset objects unloaded after import = 3
========================================================================
Received Import Request.
  Time since last request: 0.000064 seconds.
  path: Assets/Saurabh_Studio/Ui button pack 6/gold/CART.png
  artifactKey: Guid(4a29b2e9c039b934aa5287560b686782) Importer(815301076,1909f56bfc062723c751e8b465ee728b)
Start importing Assets/Saurabh_Studio/Ui button pack 6/gold/CART.png using Guid(4a29b2e9c039b934aa5287560b686782) Importer(815301076,1909f56bfc062723c751e8b465ee728b) [PhysX] Initialized MultithreadedTaskDispatcher with 12 workers.
[PhysX] Initialized MultithreadedTaskDispatcher with 12 workers.
 -> (artifact id: '114d305c7b73419d8f4d720406786fc1') in 0.104441 seconds
Number of updated asset objects reloaded before import = 0
Number of asset objects unloaded after import = 3
========================================================================
Received Import Request.
  Time since last request: 0.001128 seconds.
  path: Assets/Saurabh_Studio/Ui button pack 6/gold/EASY.png
  artifactKey: Guid(c38666416334957439c897212dfe843e) Importer(815301076,1909f56bfc062723c751e8b465ee728b)
Start importing Assets/Saurabh_Studio/Ui button pack 6/gold/EASY.png using Guid(c38666416334957439c897212dfe843e) Importer(815301076,1909f56bfc062723c751e8b465ee728b) [PhysX] Initialized MultithreadedTaskDispatcher with 12 workers.
[PhysX] Initialized MultithreadedTaskDispatcher with 12 workers.
 -> (artifact id: '907d03e88bb39435afd821ef887b6aa6') in 0.098182 seconds
Number of updated asset objects reloaded before import = 0
Number of asset objects unloaded after import = 3
========================================================================
Received Import Request.
  Time since last request: 0.000043 seconds.
  path: Assets/Saurabh_Studio/Ui button pack 6/gold/left.png
  artifactKey: Guid(fdba92f852b6c854dad38389b481aa69) Importer(815301076,1909f56bfc062723c751e8b465ee728b)
Start importing Assets/Saurabh_Studio/Ui button pack 6/gold/left.png using Guid(fdba92f852b6c854dad38389b481aa69) Importer(815301076,1909f56bfc062723c751e8b465ee728b) [PhysX] Initialized MultithreadedTaskDispatcher with 12 workers.
[PhysX] Initialized MultithreadedTaskDispatcher with 12 workers.
 -> (artifact id: '097b8178ab236de7b9645466e6048a00') in 0.103369 seconds
Number of updated asset objects reloaded before import = 0
Number of asset objects unloaded after import = 3
========================================================================
Received Import Request.
  Time since last request: 0.000054 seconds.
  path: Assets/Saurabh_Studio/Ui button pack 6/gold/DOWNLOAD-1.png
  artifactKey: Guid(390aca0209a3ddc409c7fa05a7122bc2) Importer(815301076,1909f56bfc062723c751e8b465ee728b)
Start importing Assets/Saurabh_Studio/Ui button pack 6/gold/DOWNLOAD-1.png using Guid(390aca0209a3ddc409c7fa05a7122bc2) Importer(815301076,1909f56bfc062723c751e8b465ee728b) [PhysX] Initialized MultithreadedTaskDispatcher with 12 workers.
[PhysX] Initialized MultithreadedTaskDispatcher with 12 workers.
 -> (artifact id: '98159530c4490edac367984937e75d7a') in 0.076995 seconds
Number of updated asset objects reloaded before import = 0
Number of asset objects unloaded after import = 3
========================================================================
Received Import Request.
  Time since last request: 0.000282 seconds.
  path: Assets/Saurabh_Studio/Ui button pack 6/gold/LEADERBOARD.png
  artifactKey: Guid(2dc4b787ff2d7934a9a1d6b0c2874c01) Importer(815301076,1909f56bfc062723c751e8b465ee728b)
Start importing Assets/Saurabh_Studio/Ui button pack 6/gold/LEADERBOARD.png using Guid(2dc4b787ff2d7934a9a1d6b0c2874c01) Importer(815301076,1909f56bfc062723c751e8b465ee728b) [PhysX] Initialized MultithreadedTaskDispatcher with 12 workers.
[PhysX] Initialized MultithreadedTaskDispatcher with 12 workers.
 -> (artifact id: 'bd9b81dbb2463798f640aab3cb04dfbd') in 0.061630 seconds
Number of updated asset objects reloaded before import = 0
Number of asset objects unloaded after import = 3
========================================================================
Received Import Request.
  Time since last request: 0.000040 seconds.
  path: Assets/Saurabh_Studio/Ui button pack 6/gold/INFO-1.png
  artifactKey: Guid(ee26899a94efd9944bc3c545aefdaa7c) Importer(815301076,1909f56bfc062723c751e8b465ee728b)
Start importing Assets/Saurabh_Studio/Ui button pack 6/gold/INFO-1.png using Guid(ee26899a94efd9944bc3c545aefdaa7c) Importer(815301076,1909f56bfc062723c751e8b465ee728b) [PhysX] Initialized MultithreadedTaskDispatcher with 12 workers.
[PhysX] Initialized MultithreadedTaskDispatcher with 12 workers.
 -> (artifact id: '6b2b7af22225ea53be58066c4109a08f') in 0.062222 seconds
Number of updated asset objects reloaded before import = 0
Number of asset objects unloaded after import = 3
========================================================================
Received Import Request.
  Time since last request: 0.000071 seconds.
  path: Assets/Saurabh_Studio/Ui button pack 6/gold/DELETE.png
  artifactKey: Guid(e4fb261ba5a480a47bc1f63b95171af4) Importer(815301076,1909f56bfc062723c751e8b465ee728b)
Start importing Assets/Saurabh_Studio/Ui button pack 6/gold/DELETE.png using Guid(e4fb261ba5a480a47bc1f63b95171af4) Importer(815301076,1909f56bfc062723c751e8b465ee728b) [PhysX] Initialized MultithreadedTaskDispatcher with 12 workers.
[PhysX] Initialized MultithreadedTaskDispatcher with 12 workers.
 -> (artifact id: '2d63580eab6028633a563ea3be0178c0') in 0.076478 seconds
Number of updated asset objects reloaded before import = 0
Number of asset objects unloaded after import = 3
========================================================================
Received Import Request.
  Time since last request: 0.000063 seconds.
  path: Assets/Saurabh_Studio/Ui button pack 6/gold/HARD.png
  artifactKey: Guid(b1a4e4482c7191742bf865fcc9d223a4) Importer(815301076,1909f56bfc062723c751e8b465ee728b)
Start importing Assets/Saurabh_Studio/Ui button pack 6/gold/HARD.png using Guid(b1a4e4482c7191742bf865fcc9d223a4) Importer(815301076,1909f56bfc062723c751e8b465ee728b) [PhysX] Initialized MultithreadedTaskDispatcher with 12 workers.
[PhysX] Initialized MultithreadedTaskDispatcher with 12 workers.
 -> (artifact id: 'faba0745aa82b2dcc8c83788a5fcd6ff') in 0.064151 seconds
Number of updated asset objects reloaded before import = 0
Number of asset objects unloaded after import = 3
========================================================================
Received Import Request.
  Time since last request: 0.000059 seconds.
  path: Assets/Saurabh_Studio/Ui button pack 6/gold/DOLLAR.png
  artifactKey: Guid(c5c600fee2b41f0489e842fe28e3dff9) Importer(815301076,1909f56bfc062723c751e8b465ee728b)
Start importing Assets/Saurabh_Studio/Ui button pack 6/gold/DOLLAR.png using Guid(c5c600fee2b41f0489e842fe28e3dff9) Importer(815301076,1909f56bfc062723c751e8b465ee728b) [PhysX] Initialized MultithreadedTaskDispatcher with 12 workers.
[PhysX] Initialized MultithreadedTaskDispatcher with 12 workers.
 -> (artifact id: '22022da0b35391b6484d17c4d9615e4a') in 0.068519 seconds
Number of updated asset objects reloaded before import = 0
Number of asset objects unloaded after import = 3
========================================================================
Received Import Request.
  Time since last request: 0.000046 seconds.
  path: Assets/Saurabh_Studio/Ui button pack 6/gold/free.png
  artifactKey: Guid(efdc797706b361a41bde71d7e55f6e39) Importer(815301076,1909f56bfc062723c751e8b465ee728b)
Start importing Assets/Saurabh_Studio/Ui button pack 6/gold/free.png using Guid(efdc797706b361a41bde71d7e55f6e39) Importer(815301076,1909f56bfc062723c751e8b465ee728b) [PhysX] Initialized MultithreadedTaskDispatcher with 12 workers.
[PhysX] Initialized MultithreadedTaskDispatcher with 12 workers.
 -> (artifact id: '20086313e8cc66f8d9d31e8bf722b6fd') in 0.067070 seconds
Number of updated asset objects reloaded before import = 0
Number of asset objects unloaded after import = 3
========================================================================
Received Import Request.
  Time since last request: 0.000044 seconds.
  path: Assets/Saurabh_Studio/Ui button pack 6/gold/CAMERA.png
  artifactKey: Guid(f42a722e3b4a94144b4788f6ab932833) Importer(815301076,1909f56bfc062723c751e8b465ee728b)
Start importing Assets/Saurabh_Studio/Ui button pack 6/gold/CAMERA.png using Guid(f42a722e3b4a94144b4788f6ab932833) Importer(815301076,1909f56bfc062723c751e8b465ee728b) [PhysX] Initialized MultithreadedTaskDispatcher with 12 workers.
[PhysX] Initialized MultithreadedTaskDispatcher with 12 workers.
 -> (artifact id: '03909149260569e73ed43d3122afcb5e') in 0.058731 seconds
Number of updated asset objects reloaded before import = 0
Number of asset objects unloaded after import = 3
========================================================================
Received Import Request.
  Time since last request: 74.047504 seconds.
  path: Assets/Saurabh_Studio/Ui button pack 6/gold/MINUS 1.png
  artifactKey: Guid(b4f7b320fd29f0648a936c389943a5f7) Importer(815301076,1909f56bfc062723c751e8b465ee728b)
Start importing Assets/Saurabh_Studio/Ui button pack 6/gold/MINUS 1.png using Guid(b4f7b320fd29f0648a936c389943a5f7) Importer(815301076,1909f56bfc062723c751e8b465ee728b) [PhysX] Initialized MultithreadedTaskDispatcher with 12 workers.
[PhysX] Initialized MultithreadedTaskDispatcher with 12 workers.
 -> (artifact id: '03482d428e0c54269062ece48599362b') in 0.308456 seconds
Number of updated asset objects reloaded before import = 0
Number of asset objects unloaded after import = 3
========================================================================
Received Import Request.
  Time since last request: 0.000178 seconds.
  path: Assets/Saurabh_Studio/Ui button pack 6/gold/SHARE-1.png
  artifactKey: Guid(58a925c533c6b1344afc45d22ea1fd62) Importer(815301076,1909f56bfc062723c751e8b465ee728b)
Start importing Assets/Saurabh_Studio/Ui button pack 6/gold/SHARE-1.png using Guid(58a925c533c6b1344afc45d22ea1fd62) Importer(815301076,1909f56bfc062723c751e8b465ee728b) [PhysX] Initialized MultithreadedTaskDispatcher with 12 workers.
[PhysX] Initialized MultithreadedTaskDispatcher with 12 workers.
 -> (artifact id: 'feece284b5ee6f74ab0cb267ff5c885a') in 0.060864 seconds
Number of updated asset objects reloaded before import = 0
Number of asset objects unloaded after import = 3
========================================================================
Received Import Request.
  Time since last request: 0.000056 seconds.
  path: Assets/Saurabh_Studio/Ui button pack 6/gold/REWARD.png
  artifactKey: Guid(86985175307dded4480dd7e216a9740b) Importer(815301076,1909f56bfc062723c751e8b465ee728b)
Start importing Assets/Saurabh_Studio/Ui button pack 6/gold/REWARD.png using Guid(86985175307dded4480dd7e216a9740b) Importer(815301076,1909f56bfc062723c751e8b465ee728b) [PhysX] Initialized MultithreadedTaskDispatcher with 12 workers.
[PhysX] Initialized MultithreadedTaskDispatcher with 12 workers.
 -> (artifact id: '85fb9e4a64c6a2e8f78454bc516dbaf7') in 0.074098 seconds
Number of updated asset objects reloaded before import = 0
Number of asset objects unloaded after import = 3
========================================================================
Received Import Request.
  Time since last request: 0.000043 seconds.
  path: Assets/Saurabh_Studio/Ui button pack 6/gold/QUERY.png
  artifactKey: Guid(1d56dd386b53c5847b893d96aa6bb7f8) Importer(815301076,1909f56bfc062723c751e8b465ee728b)
Start importing Assets/Saurabh_Studio/Ui button pack 6/gold/QUERY.png using Guid(1d56dd386b53c5847b893d96aa6bb7f8) Importer(815301076,1909f56bfc062723c751e8b465ee728b) [PhysX] Initialized MultithreadedTaskDispatcher with 12 workers.
[PhysX] Initialized MultithreadedTaskDispatcher with 12 workers.
 -> (artifact id: 'b7160d439bec7f8d5c6b38b4100ef3ea') in 0.066865 seconds
Number of updated asset objects reloaded before import = 0
Number of asset objects unloaded after import = 3
========================================================================
Received Import Request.
  Time since last request: 0.000212 seconds.
  path: Assets/Saurabh_Studio/Ui button pack 6/gold/REMOVE-ADDS.png
  artifactKey: Guid(0c8362bda5a5fff458622c5d5cb68598) Importer(815301076,1909f56bfc062723c751e8b465ee728b)
Start importing Assets/Saurabh_Studio/Ui button pack 6/gold/REMOVE-ADDS.png using Guid(0c8362bda5a5fff458622c5d5cb68598) Importer(815301076,1909f56bfc062723c751e8b465ee728b) [PhysX] Initialized MultithreadedTaskDispatcher with 12 workers.
[PhysX] Initialized MultithreadedTaskDispatcher with 12 workers.
 -> (artifact id: 'd2591043a7010a10baf29be98c04670f') in 0.063957 seconds
Number of updated asset objects reloaded before import = 0
Number of asset objects unloaded after import = 3
========================================================================
Received Import Request.
  Time since last request: 0.000327 seconds.
  path: Assets/Saurabh_Studio/Ui button pack 6/gold/REMOVE-PEOPLE.png
  artifactKey: Guid(2ea645c40e012dc4fae9958cbddca893) Importer(815301076,1909f56bfc062723c751e8b465ee728b)
Start importing Assets/Saurabh_Studio/Ui button pack 6/gold/REMOVE-PEOPLE.png using Guid(2ea645c40e012dc4fae9958cbddca893) Importer(815301076,1909f56bfc062723c751e8b465ee728b) [PhysX] Initialized MultithreadedTaskDispatcher with 12 workers.
[PhysX] Initialized MultithreadedTaskDispatcher with 12 workers.
 -> (artifact id: 'e44fe87f3ec2d8e3fc325553e671205e') in 0.049325 seconds
Number of updated asset objects reloaded before import = 0
Number of asset objects unloaded after import = 3
========================================================================
Received Import Request.
  Time since last request: 0.000032 seconds.
  path: Assets/Saurabh_Studio/Ui button pack 6/gold/SHARE-WITH-PEOPLE-1.png
  artifactKey: Guid(1724cbd7ea28c4449af8f60bbec90e0e) Importer(815301076,1909f56bfc062723c751e8b465ee728b)
Start importing Assets/Saurabh_Studio/Ui button pack 6/gold/SHARE-WITH-PEOPLE-1.png using Guid(1724cbd7ea28c4449af8f60bbec90e0e) Importer(815301076,1909f56bfc062723c751e8b465ee728b) [PhysX] Initialized MultithreadedTaskDispatcher with 12 workers.
[PhysX] Initialized MultithreadedTaskDispatcher with 12 workers.
 -> (artifact id: '8bdbfa2cfaec1343d36f9be18e382070') in 0.061434 seconds
Number of updated asset objects reloaded before import = 0
Number of asset objects unloaded after import = 3
========================================================================
Received Import Request.
  Time since last request: 0.000053 seconds.
  path: Assets/Saurabh_Studio/Ui button pack 6/gold/plus.png
  artifactKey: Guid(476d47799270f1147b981478076210cd) Importer(815301076,1909f56bfc062723c751e8b465ee728b)
Start importing Assets/Saurabh_Studio/Ui button pack 6/gold/plus.png using Guid(476d47799270f1147b981478076210cd) Importer(815301076,1909f56bfc062723c751e8b465ee728b) [PhysX] Initialized MultithreadedTaskDispatcher with 12 workers.
[PhysX] Initialized MultithreadedTaskDispatcher with 12 workers.
 -> (artifact id: 'ed2ed1d56891276bd6ed33361bbef4ca') in 0.080035 seconds
Number of updated asset objects reloaded before import = 0
Number of asset objects unloaded after import = 3
========================================================================
Received Import Request.
  Time since last request: 0.929329 seconds.
  path: Assets/Saurabh_Studio/Ui button pack 6/gold/SHOP.png
  artifactKey: Guid(2eef917f098a7194cad201b4fcfb5c0b) Importer(815301076,1909f56bfc062723c751e8b465ee728b)
Start importing Assets/Saurabh_Studio/Ui button pack 6/gold/SHOP.png using Guid(2eef917f098a7194cad201b4fcfb5c0b) Importer(815301076,1909f56bfc062723c751e8b465ee728b) [PhysX] Initialized MultithreadedTaskDispatcher with 12 workers.
[PhysX] Initialized MultithreadedTaskDispatcher with 12 workers.
 -> (artifact id: 'aab6afa3994fdb5412de5e4f7197d685') in 0.084321 seconds
Number of updated asset objects reloaded before import = 0
Number of asset objects unloaded after import = 3
========================================================================
Received Import Request.
  Time since last request: 0.000398 seconds.
  path: Assets/Saurabh_Studio/Ui button pack 6/gold/SOUND-ON-1.png
  artifactKey: Guid(2bf59511ec8d5094e85b74efc9cef801) Importer(815301076,1909f56bfc062723c751e8b465ee728b)
Start importing Assets/Saurabh_Studio/Ui button pack 6/gold/SOUND-ON-1.png using Guid(2bf59511ec8d5094e85b74efc9cef801) Importer(815301076,1909f56bfc062723c751e8b465ee728b) [PhysX] Initialized MultithreadedTaskDispatcher with 12 workers.
[PhysX] Initialized MultithreadedTaskDispatcher with 12 workers.
 -> (artifact id: 'a2260783a455c0002dc5b41a761048e0') in 0.077442 seconds
Number of updated asset objects reloaded before import = 0
Number of asset objects unloaded after import = 3
========================================================================
Received Import Request.
  Time since last request: 0.000043 seconds.
  path: Assets/Saurabh_Studio/Ui button pack 6/gold/up.png
  artifactKey: Guid(029fe2c92d3597a4986f23a1c6b17bea) Importer(815301076,1909f56bfc062723c751e8b465ee728b)
Start importing Assets/Saurabh_Studio/Ui button pack 6/gold/up.png using Guid(029fe2c92d3597a4986f23a1c6b17bea) Importer(815301076,1909f56bfc062723c751e8b465ee728b) [PhysX] Initialized MultithreadedTaskDispatcher with 12 workers.
[PhysX] Initialized MultithreadedTaskDispatcher with 12 workers.
 -> (artifact id: '7b362e0692633d4a67ed2f48d4b4a472') in 0.067012 seconds
Number of updated asset objects reloaded before import = 0
Number of asset objects unloaded after import = 3
========================================================================
Received Import Request.
  Time since last request: 0.000047 seconds.
  path: Assets/Saurabh_Studio/Ui button pack 6/gold/STAR-1.png
  artifactKey: Guid(424e669e1ebaf31448379daf2fe2855e) Importer(815301076,1909f56bfc062723c751e8b465ee728b)
Start importing Assets/Saurabh_Studio/Ui button pack 6/gold/STAR-1.png using Guid(424e669e1ebaf31448379daf2fe2855e) Importer(815301076,1909f56bfc062723c751e8b465ee728b) [PhysX] Initialized MultithreadedTaskDispatcher with 12 workers.
[PhysX] Initialized MultithreadedTaskDispatcher with 12 workers.
 -> (artifact id: '5141b52d57dc8b1de496d363bbf03071') in 0.054701 seconds
Number of updated asset objects reloaded before import = 0
Number of asset objects unloaded after import = 3
========================================================================
Received Import Request.
  Time since last request: 2.717204 seconds.
  path: Assets/Saurabh_Studio/Ui button pack 6/gold/ZOOM-IN.png
  artifactKey: Guid(317ea981c92235346be92a9d55b06d4c) Importer(815301076,1909f56bfc062723c751e8b465ee728b)
Start importing Assets/Saurabh_Studio/Ui button pack 6/gold/ZOOM-IN.png using Guid(317ea981c92235346be92a9d55b06d4c) Importer(815301076,1909f56bfc062723c751e8b465ee728b) [PhysX] Initialized MultithreadedTaskDispatcher with 12 workers.
[PhysX] Initialized MultithreadedTaskDispatcher with 12 workers.
 -> (artifact id: '4b81ef4124ebac85a8463bf6ba068842') in 0.075014 seconds
Number of updated asset objects reloaded before import = 0
Number of asset objects unloaded after import = 3
========================================================================
Received Import Request.
  Time since last request: 232.058798 seconds.
  path: Assets/Saurabh_Studio/Ui button pack 6/white icon/1.png
  artifactKey: Guid(556d6fef4ca4c154cafc9c1d044ffe6e) Importer(815301076,1909f56bfc062723c751e8b465ee728b)
Start importing Assets/Saurabh_Studio/Ui button pack 6/white icon/1.png using Guid(556d6fef4ca4c154cafc9c1d044ffe6e) Importer(815301076,1909f56bfc062723c751e8b465ee728b) [PhysX] Initialized MultithreadedTaskDispatcher with 12 workers.
[PhysX] Initialized MultithreadedTaskDispatcher with 12 workers.
 -> (artifact id: '98c6f78b8d9905375316ece471242941') in 0.376673 seconds
Number of updated asset objects reloaded before import = 0
Number of asset objects unloaded after import = 3
========================================================================
Received Import Request.
  Time since last request: 0.000589 seconds.
  path: Assets/Saurabh_Studio/Ui button pack 6/white icon/empty-heart.png
  artifactKey: Guid(94d83eac926c5504fbf337e095852dc0) Importer(815301076,1909f56bfc062723c751e8b465ee728b)
Start importing Assets/Saurabh_Studio/Ui button pack 6/white icon/empty-heart.png using Guid(94d83eac926c5504fbf337e095852dc0) Importer(815301076,1909f56bfc062723c751e8b465ee728b) [PhysX] Initialized MultithreadedTaskDispatcher with 12 workers.
[PhysX] Initialized MultithreadedTaskDispatcher with 12 workers.
 -> (artifact id: 'a0d1dd30ccbc1ecc302af1a778bdad28') in 0.099692 seconds
Number of updated asset objects reloaded before import = 0
Number of asset objects unloaded after import = 3
========================================================================
Received Import Request.
  Time since last request: 0.000392 seconds.
  path: Assets/Saurabh_Studio/Ui button pack 6/white icon/8.png
  artifactKey: Guid(1ed50c5bba13c5b4aa6329ccb52ad0e7) Importer(815301076,1909f56bfc062723c751e8b465ee728b)
Start importing Assets/Saurabh_Studio/Ui button pack 6/white icon/8.png using Guid(1ed50c5bba13c5b4aa6329ccb52ad0e7) Importer(815301076,1909f56bfc062723c751e8b465ee728b) [PhysX] Initialized MultithreadedTaskDispatcher with 12 workers.
[PhysX] Initialized MultithreadedTaskDispatcher with 12 workers.
 -> (artifact id: '532b14d3d7c81918878de63c8bc9ea22') in 0.066911 seconds
Number of updated asset objects reloaded before import = 0
Number of asset objects unloaded after import = 3
========================================================================
Received Import Request.
  Time since last request: 0.000867 seconds.
  path: Assets/Saurabh_Studio/Ui button pack 6/white icon/copy.png
  artifactKey: Guid(7dba52f41bf4bfe4da19d66fbd8f52db) Importer(815301076,1909f56bfc062723c751e8b465ee728b)
Start importing Assets/Saurabh_Studio/Ui button pack 6/white icon/copy.png using Guid(7dba52f41bf4bfe4da19d66fbd8f52db) Importer(815301076,1909f56bfc062723c751e8b465ee728b) [PhysX] Initialized MultithreadedTaskDispatcher with 12 workers.
[PhysX] Initialized MultithreadedTaskDispatcher with 12 workers.
 -> (artifact id: '62e8a18713702822d347589dc1182998') in 0.077581 seconds
Number of updated asset objects reloaded before import = 0
Number of asset objects unloaded after import = 3
========================================================================
Received Import Request.
  Time since last request: 0.001456 seconds.
  path: Assets/Saurabh_Studio/Ui button pack 6/white icon/close.png
  artifactKey: Guid(75a72afb27431d8478b29955ef8cadc7) Importer(815301076,1909f56bfc062723c751e8b465ee728b)
Start importing Assets/Saurabh_Studio/Ui button pack 6/white icon/close.png using Guid(75a72afb27431d8478b29955ef8cadc7) Importer(815301076,1909f56bfc062723c751e8b465ee728b) [PhysX] Initialized MultithreadedTaskDispatcher with 12 workers.
[PhysX] Initialized MultithreadedTaskDispatcher with 12 workers.
 -> (artifact id: '01fc66aa4baa51945d269f6e1aa3e072') in 0.077860 seconds
Number of updated asset objects reloaded before import = 0
Number of asset objects unloaded after import = 3
========================================================================
Received Import Request.
  Time since last request: 0.000059 seconds.
  path: Assets/Saurabh_Studio/Ui button pack 6/white icon/7.png
  artifactKey: Guid(3beea26c3863d344a99cc001937219c3) Importer(815301076,1909f56bfc062723c751e8b465ee728b)
Start importing Assets/Saurabh_Studio/Ui button pack 6/white icon/7.png using Guid(3beea26c3863d344a99cc001937219c3) Importer(815301076,1909f56bfc062723c751e8b465ee728b) [PhysX] Initialized MultithreadedTaskDispatcher with 12 workers.
[PhysX] Initialized MultithreadedTaskDispatcher with 12 workers.
 -> (artifact id: 'b9ac577063c9efda9275d799b3334e29') in 0.066546 seconds
Number of updated asset objects reloaded before import = 0
Number of asset objects unloaded after import = 3
========================================================================
Received Import Request.
  Time since last request: 0.000050 seconds.
  path: Assets/Saurabh_Studio/Ui button pack 6/white icon/back.png
  artifactKey: Guid(0e945287053a58f4b8c8d9f9f0db03c5) Importer(815301076,1909f56bfc062723c751e8b465ee728b)
Start importing Assets/Saurabh_Studio/Ui button pack 6/white icon/back.png using Guid(0e945287053a58f4b8c8d9f9f0db03c5) Importer(815301076,1909f56bfc062723c751e8b465ee728b) [PhysX] Initialized MultithreadedTaskDispatcher with 12 workers.
[PhysX] Initialized MultithreadedTaskDispatcher with 12 workers.
 -> (artifact id: 'dc08caffe13bf529c460a3530de34a3b') in 0.060961 seconds
Number of updated asset objects reloaded before import = 0
Number of asset objects unloaded after import = 3
========================================================================
Received Import Request.
  Time since last request: 0.000393 seconds.
  path: Assets/Saurabh_Studio/Ui button pack 6/white icon/backward.png
  artifactKey: Guid(6e249bbe6ff7d864888786cab8f51115) Importer(815301076,1909f56bfc062723c751e8b465ee728b)
Start importing Assets/Saurabh_Studio/Ui button pack 6/white icon/backward.png using Guid(6e249bbe6ff7d864888786cab8f51115) Importer(815301076,1909f56bfc062723c751e8b465ee728b) [PhysX] Initialized MultithreadedTaskDispatcher with 12 workers.
[PhysX] Initialized MultithreadedTaskDispatcher with 12 workers.
 -> (artifact id: '050698c4fdf84f09238b8fc23990870e') in 0.074927 seconds
Number of updated asset objects reloaded before import = 0
Number of asset objects unloaded after import = 3
========================================================================
Received Import Request.
  Time since last request: 0.000034 seconds.
  path: Assets/Saurabh_Studio/Ui button pack 6/white icon/5.png
  artifactKey: Guid(b5dbb0a643b37154ebef218affafad8a) Importer(815301076,1909f56bfc062723c751e8b465ee728b)
Start importing Assets/Saurabh_Studio/Ui button pack 6/white icon/5.png using Guid(b5dbb0a643b37154ebef218affafad8a) Importer(815301076,1909f56bfc062723c751e8b465ee728b) [PhysX] Initialized MultithreadedTaskDispatcher with 12 workers.
[PhysX] Initialized MultithreadedTaskDispatcher with 12 workers.
 -> (artifact id: 'e077f7aaf46352a97a0a5a4763304282') in 0.073109 seconds
Number of updated asset objects reloaded before import = 0
Number of asset objects unloaded after import = 3
========================================================================
Received Import Request.
  Time since last request: 0.000068 seconds.
  path: Assets/Saurabh_Studio/Ui button pack 6/white icon/Dollar.png
  artifactKey: Guid(e1b204e9b9b6ab54c9f297831c5decd7) Importer(815301076,1909f56bfc062723c751e8b465ee728b)
Start importing Assets/Saurabh_Studio/Ui button pack 6/white icon/Dollar.png using Guid(e1b204e9b9b6ab54c9f297831c5decd7) Importer(815301076,1909f56bfc062723c751e8b465ee728b) [PhysX] Initialized MultithreadedTaskDispatcher with 12 workers.
[PhysX] Initialized MultithreadedTaskDispatcher with 12 workers.
 -> (artifact id: '025e1b007f43a599da06f472002e5848') in 0.062094 seconds
Number of updated asset objects reloaded before import = 0
Number of asset objects unloaded after import = 3
========================================================================
Received Import Request.
  Time since last request: 0.000464 seconds.
  path: Assets/Saurabh_Studio/Ui button pack 6/white icon/edit.png
  artifactKey: Guid(48f6a4311087aad438253ce99ee2d041) Importer(815301076,1909f56bfc062723c751e8b465ee728b)
Start importing Assets/Saurabh_Studio/Ui button pack 6/white icon/edit.png using Guid(48f6a4311087aad438253ce99ee2d041) Importer(815301076,1909f56bfc062723c751e8b465ee728b) [PhysX] Initialized MultithreadedTaskDispatcher with 12 workers.
[PhysX] Initialized MultithreadedTaskDispatcher with 12 workers.
 -> (artifact id: 'e250027b623f3344545db3a7f4797bfb') in 0.076608 seconds
Number of updated asset objects reloaded before import = 0
Number of asset objects unloaded after import = 3
========================================================================
Received Import Request.
  Time since last request: 0.000061 seconds.
  path: Assets/Saurabh_Studio/Ui button pack 6/white icon/camera.png
  artifactKey: Guid(d338fb7c379eefb47a437868f36bcb64) Importer(815301076,1909f56bfc062723c751e8b465ee728b)
Start importing Assets/Saurabh_Studio/Ui button pack 6/white icon/camera.png using Guid(d338fb7c379eefb47a437868f36bcb64) Importer(815301076,1909f56bfc062723c751e8b465ee728b) [PhysX] Initialized MultithreadedTaskDispatcher with 12 workers.
[PhysX] Initialized MultithreadedTaskDispatcher with 12 workers.
 -> (artifact id: 'c9c9e20cda5e5ceacf53c3df5c4f2751') in 0.069294 seconds
Number of updated asset objects reloaded before import = 0
Number of asset objects unloaded after import = 3
========================================================================
Received Import Request.
  Time since last request: 0.000062 seconds.
  path: Assets/Saurabh_Studio/Ui button pack 6/white icon/9.png
  artifactKey: Guid(4f35745365041b7468b29664f5dae2b7) Importer(815301076,1909f56bfc062723c751e8b465ee728b)
Start importing Assets/Saurabh_Studio/Ui button pack 6/white icon/9.png using Guid(4f35745365041b7468b29664f5dae2b7) Importer(815301076,1909f56bfc062723c751e8b465ee728b) [PhysX] Initialized MultithreadedTaskDispatcher with 12 workers.
[PhysX] Initialized MultithreadedTaskDispatcher with 12 workers.
 -> (artifact id: 'cb684706af1b676804838a827a97914d') in 0.063155 seconds
Number of updated asset objects reloaded before import = 0
Number of asset objects unloaded after import = 3
========================================================================
Received Import Request.
  Time since last request: 0.000565 seconds.
  path: Assets/Saurabh_Studio/Ui button pack 6/white icon/Add-people.png
  artifactKey: Guid(7d05ea9b0fdf92e408870c8083806fbd) Importer(815301076,1909f56bfc062723c751e8b465ee728b)
Start importing Assets/Saurabh_Studio/Ui button pack 6/white icon/Add-people.png using Guid(7d05ea9b0fdf92e408870c8083806fbd) Importer(815301076,1909f56bfc062723c751e8b465ee728b) [PhysX] Initialized MultithreadedTaskDispatcher with 12 workers.
[PhysX] Initialized MultithreadedTaskDispatcher with 12 workers.
 -> (artifact id: '230aa2f48fbd90bf9459b9f10fe238f0') in 0.119277 seconds
Number of updated asset objects reloaded before import = 0
Number of asset objects unloaded after import = 3
========================================================================
Received Import Request.
  Time since last request: 0.000634 seconds.
  path: Assets/Saurabh_Studio/Ui button pack 6/white icon/cart.png
  artifactKey: Guid(bdaf5307f76158b46b335e7200be1606) Importer(815301076,1909f56bfc062723c751e8b465ee728b)
Start importing Assets/Saurabh_Studio/Ui button pack 6/white icon/cart.png using Guid(bdaf5307f76158b46b335e7200be1606) Importer(815301076,1909f56bfc062723c751e8b465ee728b) [PhysX] Initialized MultithreadedTaskDispatcher with 12 workers.
[PhysX] Initialized MultithreadedTaskDispatcher with 12 workers.
 -> (artifact id: '2da3a0d094d8b1d027354d1fec64ad2e') in 0.111599 seconds
Number of updated asset objects reloaded before import = 0
Number of asset objects unloaded after import = 3
========================================================================
Received Import Request.
  Time since last request: 0.000044 seconds.
  path: Assets/Saurabh_Studio/Ui button pack 6/white icon/Achive.png
  artifactKey: Guid(2e20e2df32f174d4c99290761646282b) Importer(815301076,1909f56bfc062723c751e8b465ee728b)
Start importing Assets/Saurabh_Studio/Ui button pack 6/white icon/Achive.png using Guid(2e20e2df32f174d4c99290761646282b) Importer(815301076,1909f56bfc062723c751e8b465ee728b) [PhysX] Initialized MultithreadedTaskDispatcher with 12 workers.
[PhysX] Initialized MultithreadedTaskDispatcher with 12 workers.
 -> (artifact id: '9f9c7e0b4f9465bdc7ee42b4afa96274') in 0.094326 seconds
Number of updated asset objects reloaded before import = 0
Number of asset objects unloaded after import = 3
========================================================================
Received Import Request.
  Time since last request: 0.000892 seconds.
  path: Assets/Saurabh_Studio/Ui button pack 6/white icon/chat.png
  artifactKey: Guid(d90aec6789380a64d86cfbe018d7622a) Importer(815301076,1909f56bfc062723c751e8b465ee728b)
Start importing Assets/Saurabh_Studio/Ui button pack 6/white icon/chat.png using Guid(d90aec6789380a64d86cfbe018d7622a) Importer(815301076,1909f56bfc062723c751e8b465ee728b) [PhysX] Initialized MultithreadedTaskDispatcher with 12 workers.
[PhysX] Initialized MultithreadedTaskDispatcher with 12 workers.
 -> (artifact id: '9e3eb58138a0b4d9694b429efb66d7c7') in 0.074625 seconds
Number of updated asset objects reloaded before import = 0
Number of asset objects unloaded after import = 3
========================================================================
Received Import Request.
  Time since last request: 0.000041 seconds.
  path: Assets/Saurabh_Studio/Ui button pack 6/white icon/Delete.png
  artifactKey: Guid(86218cc55706d6545baae656cd82d43c) Importer(815301076,1909f56bfc062723c751e8b465ee728b)
Start importing Assets/Saurabh_Studio/Ui button pack 6/white icon/Delete.png using Guid(86218cc55706d6545baae656cd82d43c) Importer(815301076,1909f56bfc062723c751e8b465ee728b) [PhysX] Initialized MultithreadedTaskDispatcher with 12 workers.
[PhysX] Initialized MultithreadedTaskDispatcher with 12 workers.
 -> (artifact id: '8ec1d0159df30d3f704b4fd1bb6cf951') in 0.063046 seconds
Number of updated asset objects reloaded before import = 0
Number of asset objects unloaded after import = 3
========================================================================
Received Import Request.
  Time since last request: 0.000902 seconds.
  path: Assets/Saurabh_Studio/Ui button pack 6/white icon/6.png
  artifactKey: Guid(2eef2c2e090b8bc46ab4aa5b7202cd20) Importer(815301076,1909f56bfc062723c751e8b465ee728b)
Start importing Assets/Saurabh_Studio/Ui button pack 6/white icon/6.png using Guid(2eef2c2e090b8bc46ab4aa5b7202cd20) Importer(815301076,1909f56bfc062723c751e8b465ee728b) [PhysX] Initialized MultithreadedTaskDispatcher with 12 workers.
[PhysX] Initialized MultithreadedTaskDispatcher with 12 workers.
 -> (artifact id: '92d3338fe5ae10301ed2d718bcee2da1') in 0.068008 seconds
Number of updated asset objects reloaded before import = 0
Number of asset objects unloaded after import = 3
========================================================================
Received Import Request.
  Time since last request: 0.000041 seconds.
  path: Assets/Saurabh_Studio/Ui button pack 6/white icon/coins.png
  artifactKey: Guid(1182f61c1fb351046b0f062ee936107e) Importer(815301076,1909f56bfc062723c751e8b465ee728b)
Start importing Assets/Saurabh_Studio/Ui button pack 6/white icon/coins.png using Guid(1182f61c1fb351046b0f062ee936107e) Importer(815301076,1909f56bfc062723c751e8b465ee728b) [PhysX] Initialized MultithreadedTaskDispatcher with 12 workers.
[PhysX] Initialized MultithreadedTaskDispatcher with 12 workers.
 -> (artifact id: '847e6087a8fe21898e10242111da216d') in 0.079000 seconds
Number of updated asset objects reloaded before import = 0
Number of asset objects unloaded after import = 3
========================================================================
Received Import Request.
  Time since last request: 0.000056 seconds.
  path: Assets/Saurabh_Studio/Ui button pack 6/white icon/continue.png
  artifactKey: Guid(8dabcc3a7e39d72419f56ee538fe0b7f) Importer(815301076,1909f56bfc062723c751e8b465ee728b)
Start importing Assets/Saurabh_Studio/Ui button pack 6/white icon/continue.png using Guid(8dabcc3a7e39d72419f56ee538fe0b7f) Importer(815301076,1909f56bfc062723c751e8b465ee728b) [PhysX] Initialized MultithreadedTaskDispatcher with 12 workers.
[PhysX] Initialized MultithreadedTaskDispatcher with 12 workers.
 -> (artifact id: '3ba0951a2bff564debc4152b3943cb7f') in 0.071645 seconds
Number of updated asset objects reloaded before import = 0
Number of asset objects unloaded after import = 3
========================================================================
Received Import Request.
  Time since last request: 0.000057 seconds.
  path: Assets/Saurabh_Studio/Ui button pack 6/white icon
  artifactKey: Guid(c0c539dfc4c556b4b9b21a48fbd7c408) Importer(815301076,1909f56bfc062723c751e8b465ee728b)
Start importing Assets/Saurabh_Studio/Ui button pack 6/white icon using Guid(c0c539dfc4c556b4b9b21a48fbd7c408) Importer(815301076,1909f56bfc062723c751e8b465ee728b) [PhysX] Initialized MultithreadedTaskDispatcher with 12 workers.
 -> (artifact id: '5fe3c819775905bc742a1a3dab15d33d') in 0.003555 seconds
Number of updated asset objects reloaded before import = 0
Number of asset objects unloaded after import = 0
========================================================================
Received Import Request.
  Time since last request: 0.000048 seconds.
  path: Assets/Saurabh_Studio/Ui button pack 6/white icon/2.png
  artifactKey: Guid(a5d380ffd61ac7144baf72fd8cd2ce1d) Importer(815301076,1909f56bfc062723c751e8b465ee728b)
Start importing Assets/Saurabh_Studio/Ui button pack 6/white icon/2.png using Guid(a5d380ffd61ac7144baf72fd8cd2ce1d) Importer(815301076,1909f56bfc062723c751e8b465ee728b) [PhysX] Initialized MultithreadedTaskDispatcher with 12 workers.
[PhysX] Initialized MultithreadedTaskDispatcher with 12 workers.
 -> (artifact id: '67cfd6c10af8c74f69228b84e0b6fe7f') in 0.074111 seconds
Number of updated asset objects reloaded before import = 0
Number of asset objects unloaded after import = 3
========================================================================
Received Import Request.
  Time since last request: 0.000582 seconds.
  path: Assets/Saurabh_Studio/Ui button pack 6/white icon/3.png
  artifactKey: Guid(2b52df94afbee9d4d9b8232d50946fd7) Importer(815301076,1909f56bfc062723c751e8b465ee728b)
Start importing Assets/Saurabh_Studio/Ui button pack 6/white icon/3.png using Guid(2b52df94afbee9d4d9b8232d50946fd7) Importer(815301076,1909f56bfc062723c751e8b465ee728b) [PhysX] Initialized MultithreadedTaskDispatcher with 12 workers.
[PhysX] Initialized MultithreadedTaskDispatcher with 12 workers.
 -> (artifact id: 'b340dd9e22886aae508fb43ba7b78d5e') in 0.098276 seconds
Number of updated asset objects reloaded before import = 0
Number of asset objects unloaded after import = 3
========================================================================
Received Import Request.
  Time since last request: 0.000078 seconds.
  path: Assets/Saurabh_Studio/Ui button pack 6/white icon/4.png
  artifactKey: Guid(f84b65d1ad073ed4aa7fc3d8d8d50628) Importer(815301076,1909f56bfc062723c751e8b465ee728b)
Start importing Assets/Saurabh_Studio/Ui button pack 6/white icon/4.png using Guid(f84b65d1ad073ed4aa7fc3d8d8d50628) Importer(815301076,1909f56bfc062723c751e8b465ee728b) [PhysX] Initialized MultithreadedTaskDispatcher with 12 workers.
[PhysX] Initialized MultithreadedTaskDispatcher with 12 workers.
 -> (artifact id: 'b57fd2fda07f81e0f8b13fedf5e8812a') in 0.072814 seconds
Number of updated asset objects reloaded before import = 0
Number of asset objects unloaded after import = 3
========================================================================
Received Import Request.
  Time since last request: 0.000042 seconds.
  path: Assets/Saurabh_Studio/Ui button pack 6/white icon/Down.png
  artifactKey: Guid(4fb5e0e2795e1024f9ee34048830cbde) Importer(815301076,1909f56bfc062723c751e8b465ee728b)
Start importing Assets/Saurabh_Studio/Ui button pack 6/white icon/Down.png using Guid(4fb5e0e2795e1024f9ee34048830cbde) Importer(815301076,1909f56bfc062723c751e8b465ee728b) [PhysX] Initialized MultithreadedTaskDispatcher with 12 workers.
[PhysX] Initialized MultithreadedTaskDispatcher with 12 workers.
 -> (artifact id: '1f347ffea66e5bc1e180edda8166a41d') in 0.052767 seconds
Number of updated asset objects reloaded before import = 0
Number of asset objects unloaded after import = 3
========================================================================
Received Import Request.
  Time since last request: 0.000046 seconds.
  path: Assets/Saurabh_Studio/Ui button pack 6/white icon/download.png
  artifactKey: Guid(e8be04a69b0bb094984755be085daf73) Importer(815301076,1909f56bfc062723c751e8b465ee728b)
Start importing Assets/Saurabh_Studio/Ui button pack 6/white icon/download.png using Guid(e8be04a69b0bb094984755be085daf73) Importer(815301076,1909f56bfc062723c751e8b465ee728b) [PhysX] Initialized MultithreadedTaskDispatcher with 12 workers.
[PhysX] Initialized MultithreadedTaskDispatcher with 12 workers.
 -> (artifact id: '7ff7ccd82d6f16af92482b8ab1a56b9a') in 0.047135 seconds
Number of updated asset objects reloaded before import = 0
Number of asset objects unloaded after import = 3
========================================================================
Received Import Request.
  Time since last request: 0.001638 seconds.
  path: Assets/Saurabh_Studio/Ui button pack 6/white icon/Hard.png
  artifactKey: Guid(c6300c4633a941043a874a3d5958ab03) Importer(815301076,1909f56bfc062723c751e8b465ee728b)
Start importing Assets/Saurabh_Studio/Ui button pack 6/white icon/Hard.png using Guid(c6300c4633a941043a874a3d5958ab03) Importer(815301076,1909f56bfc062723c751e8b465ee728b) [PhysX] Initialized MultithreadedTaskDispatcher with 12 workers.
[PhysX] Initialized MultithreadedTaskDispatcher with 12 workers.
 -> (artifact id: '9291ad35a142f94701917b89f2dfba38') in 0.049043 seconds
Number of updated asset objects reloaded before import = 0
Number of asset objects unloaded after import = 3
========================================================================
Received Import Request.
  Time since last request: 0.000131 seconds.
  path: Assets/Saurabh_Studio/Ui button pack 6/white icon/info.png
  artifactKey: Guid(1f9002cc69ff3c747b36bf6f92117a14) Importer(815301076,1909f56bfc062723c751e8b465ee728b)
Start importing Assets/Saurabh_Studio/Ui button pack 6/white icon/info.png using Guid(1f9002cc69ff3c747b36bf6f92117a14) Importer(815301076,1909f56bfc062723c751e8b465ee728b) [PhysX] Initialized MultithreadedTaskDispatcher with 12 workers.
[PhysX] Initialized MultithreadedTaskDispatcher with 12 workers.
 -> (artifact id: 'e81a321c80b8660acb9bd132e6786b0e') in 0.048485 seconds
Number of updated asset objects reloaded before import = 0
Number of asset objects unloaded after import = 3
========================================================================
Received Import Request.
  Time since last request: 0.000063 seconds.
  path: Assets/Saurabh_Studio/Ui button pack 6/white icon/left.png
  artifactKey: Guid(d488a86a641aecb4b8910909b4d71303) Importer(815301076,1909f56bfc062723c751e8b465ee728b)
Start importing Assets/Saurabh_Studio/Ui button pack 6/white icon/left.png using Guid(d488a86a641aecb4b8910909b4d71303) Importer(815301076,1909f56bfc062723c751e8b465ee728b) [PhysX] Initialized MultithreadedTaskDispatcher with 12 workers.
[PhysX] Initialized MultithreadedTaskDispatcher with 12 workers.
 -> (artifact id: '4bc5e66e9e6be2dd57670ec4df2f1db5') in 0.056769 seconds
Number of updated asset objects reloaded before import = 0
Number of asset objects unloaded after import = 3
========================================================================
Received Import Request.
  Time since last request: 0.000055 seconds.
  path: Assets/Saurabh_Studio/Ui button pack 6/white icon/Leader-board.png
  artifactKey: Guid(47e27b5300c80ed49a0cd1f00acfd8c5) Importer(815301076,1909f56bfc062723c751e8b465ee728b)
Start importing Assets/Saurabh_Studio/Ui button pack 6/white icon/Leader-board.png using Guid(47e27b5300c80ed49a0cd1f00acfd8c5) Importer(815301076,1909f56bfc062723c751e8b465ee728b) [PhysX] Initialized MultithreadedTaskDispatcher with 12 workers.
[PhysX] Initialized MultithreadedTaskDispatcher with 12 workers.
 -> (artifact id: '50235b712f50e70680f8f6ed7584cf11') in 0.051440 seconds
Number of updated asset objects reloaded before import = 0
Number of asset objects unloaded after import = 3
========================================================================
Received Import Request.
  Time since last request: 0.000071 seconds.
  path: Assets/Saurabh_Studio/Ui button pack 6/white icon/full-screen.png
  artifactKey: Guid(787b540465ed5cc44be1220ae554c932) Importer(815301076,1909f56bfc062723c751e8b465ee728b)
Start importing Assets/Saurabh_Studio/Ui button pack 6/white icon/full-screen.png using Guid(787b540465ed5cc44be1220ae554c932) Importer(815301076,1909f56bfc062723c751e8b465ee728b) [PhysX] Initialized MultithreadedTaskDispatcher with 12 workers.
[PhysX] Initialized MultithreadedTaskDispatcher with 12 workers.
 -> (artifact id: '6ec3875220cac661298d7d4fbd954494') in 0.047495 seconds
Number of updated asset objects reloaded before import = 0
Number of asset objects unloaded after import = 3
========================================================================
Received Import Request.
  Time since last request: 0.000035 seconds.
  path: Assets/Saurabh_Studio/Ui button pack 6/white icon/heart.png
  artifactKey: Guid(4f30b6f1dac7c8c439832b020e6385ec) Importer(815301076,1909f56bfc062723c751e8b465ee728b)
Start importing Assets/Saurabh_Studio/Ui button pack 6/white icon/heart.png using Guid(4f30b6f1dac7c8c439832b020e6385ec) Importer(815301076,1909f56bfc062723c751e8b465ee728b) [PhysX] Initialized MultithreadedTaskDispatcher with 12 workers.
[PhysX] Initialized MultithreadedTaskDispatcher with 12 workers.
 -> (artifact id: 'ed2fca0512c228596c5dc7c90166b558') in 0.052173 seconds
Number of updated asset objects reloaded before import = 0
Number of asset objects unloaded after import = 3
========================================================================
Received Import Request.
  Time since last request: 0.000072 seconds.
  path: Assets/Saurabh_Studio/Ui button pack 6/white icon/forward.png
  artifactKey: Guid(1dfa44d99f408ad4cb7257e340157574) Importer(815301076,1909f56bfc062723c751e8b465ee728b)
Start importing Assets/Saurabh_Studio/Ui button pack 6/white icon/forward.png using Guid(1dfa44d99f408ad4cb7257e340157574) Importer(815301076,1909f56bfc062723c751e8b465ee728b) [PhysX] Initialized MultithreadedTaskDispatcher with 12 workers.
[PhysX] Initialized MultithreadedTaskDispatcher with 12 workers.
 -> (artifact id: '20ae8f3886f07f200801d44bdb2944e0') in 0.047923 seconds
Number of updated asset objects reloaded before import = 0
Number of asset objects unloaded after import = 3
========================================================================
Received Import Request.
  Time since last request: 0.000046 seconds.
  path: Assets/Saurabh_Studio/Ui button pack 6/white icon/Hint.png
  artifactKey: Guid(5cfa9a2759576af47b44b355d52dfbf8) Importer(815301076,1909f56bfc062723c751e8b465ee728b)
Start importing Assets/Saurabh_Studio/Ui button pack 6/white icon/Hint.png using Guid(5cfa9a2759576af47b44b355d52dfbf8) Importer(815301076,1909f56bfc062723c751e8b465ee728b) [PhysX] Initialized MultithreadedTaskDispatcher with 12 workers.
[PhysX] Initialized MultithreadedTaskDispatcher with 12 workers.
 -> (artifact id: '5de28d8990ef5582a8df0564fa0f85e3') in 0.052360 seconds
Number of updated asset objects reloaded before import = 0
Number of asset objects unloaded after import = 3
========================================================================
Received Import Request.
  Time since last request: 0.000102 seconds.
  path: Assets/Saurabh_Studio/Ui button pack 6/white icon/free.png
  artifactKey: Guid(4a72bd1e694546944a1dabaebdbd6380) Importer(815301076,1909f56bfc062723c751e8b465ee728b)
Start importing Assets/Saurabh_Studio/Ui button pack 6/white icon/free.png using Guid(4a72bd1e694546944a1dabaebdbd6380) Importer(815301076,1909f56bfc062723c751e8b465ee728b) [PhysX] Initialized MultithreadedTaskDispatcher with 12 workers.
[PhysX] Initialized MultithreadedTaskDispatcher with 12 workers.
 -> (artifact id: '4feffb02b73e8607c3e7d3da62dddb4c') in 0.048513 seconds
Number of updated asset objects reloaded before import = 0
Number of asset objects unloaded after import = 3
========================================================================
Received Import Request.
  Time since last request: 0.000082 seconds.
  path: Assets/Saurabh_Studio/Ui button pack 6/white icon/end.png
  artifactKey: Guid(cbeba752ca88c2b48846b04ff5da9b6a) Importer(815301076,1909f56bfc062723c751e8b465ee728b)
Start importing Assets/Saurabh_Studio/Ui button pack 6/white icon/end.png using Guid(cbeba752ca88c2b48846b04ff5da9b6a) Importer(815301076,1909f56bfc062723c751e8b465ee728b) [PhysX] Initialized MultithreadedTaskDispatcher with 12 workers.
[PhysX] Initialized MultithreadedTaskDispatcher with 12 workers.
 -> (artifact id: '22b029b02919d52b5a3722394bde963a') in 0.044204 seconds
Number of updated asset objects reloaded before import = 0
Number of asset objects unloaded after import = 3
Editor requested this worker to shutdown with reason: Scaling down because of idle timeout
TcpMessagingSession - receive error: operation aborted. errorcode: 995, details: The I/O operation has been aborted because of either a thread exit or an application request.
AssetImportWorker is now disconnected from the server
Process exiting
Exiting without the bug reporter. Application will terminate with return code 0